scons: Reading SConscript files ...
Building example component log (cargo)…
Example component log built successfully
Example component log library linked successfully
Building example user app em_fs (cargo)…
Example user app built successfully
Building example user app em_loadlib (cargo)…
Example user app built successfully
Building example user app em_sem (cargo)…
Example user app built successfully
Building example user app em_param (cargo)…
Example user app built successfully
Building example user app em_mutex (cargo)…
Example user app built successfully
Building example user app em_queue (cargo)…
Example user app built successfully
Building example user app em_thread (cargo)…
Example user app built successfully
Example user apps linked successfully
Detected Rust target: riscv64imac-unknown-none-elf
Building Rust component (cargo)…
Rust component built successfully
Rust library linked successfully
Newlib version: 4.4.0
scons: done reading SConscript files.
scons: Building targets ...
scons: building associated VariantDir targets: build
scons: `.' is up to date.
scons: done building targets.
